<?xml version="1.0" encoding="UTF-8"?>
<!-- Generated by org.testng.reporters.JUnitReportReporter -->
<testsuite hostname="LAPTOP-5BVM6AHB" failures="0" tests="1" name="TestLayer.SortingTest" time="16.691" errors="0" timestamp="2023-06-20T18:41:17 EDT" skipped="0">
  <testcase classname="TestLayer.SortingTest" name="Login" time="16.691"/>
  <system-out/>
</testsuite> <!-- TestLayer.SortingTest -->
