<?xml version="1.0" encoding="UTF-8"?>
<!-- Generated by org.testng.reporters.JUnitReportReporter -->
<testsuite hostname="LAPTOP-5BVM6AHB" failures="0" tests="1" name="TestLayer.SearchTest" time="17.998" errors="0" timestamp="2023-06-17T11:20:13 EDT" skipped="0">
  <testcase classname="TestLayer.SearchTest" name="Login" time="17.998"/>
  <system-out/>
</testsuite> <!-- TestLayer.SearchTest -->
