<?xml version="1.0" encoding="UTF-8"?>
<!-- Generated by org.testng.reporters.JUnitReportReporter -->
<testsuite hostname="LAPTOP-5BVM6AHB" failures="0" tests="3" name="TestLayer.TestSelen" time="18.428" errors="0" timestamp="2023-06-11T11:32:48 EDT" skipped="0">
  <testcase classname="TestLayer.TestSelen" name="Display" time="6.931"/>
  <system-out/>
  <testcase classname="TestLayer.TestSelen" name="Display" time="5.316"/>
  <system-out/>
  <testcase classname="TestLayer.TestSelen" name="Display" time="6.181"/>
  <system-out/>
</testsuite> <!-- TestLayer.TestSelen -->
