<?xml version="1.0" encoding="UTF-8"?>
<!-- Generated by org.testng.reporters.JUnitReportReporter -->
<testsuite hostname="LAPTOP-5BVM6AHB" failures="0" tests="2" name="TestLayer.AccountTest" time="28.410" errors="0" timestamp="2023-06-11T13:40:34 EDT" skipped="0">
  <testcase classname="TestLayer.AccountTest" name="Title" time="11.480"/>
  <system-out/>
  <testcase classname="TestLayer.AccountTest" name="Login" time="16.930"/>
  <system-out/>
</testsuite> <!-- TestLayer.AccountTest -->
